2019/05/24 10:55:46 [error] [exception.CException] exception 'CException' with message 'CAssetManager.basePath "/var/www/html/sprintasia/assets" is invalid. Please make sure the directory exists and is writable by the Web server process.' in /var/www/html/sprintasia/yii/framework/web/CAssetManager.php:138
Stack trace:
#0 /var/www/html/sprintasia/yii/framework/web/CAssetManager.php(123): CAssetManager->setBasePath('/var/www/html/s...')
#1 /var/www/html/sprintasia/yii/framework/web/CAssetManager.php(217): CAssetManager->getBasePath()
#2 /var/www/html/sprintasia/yii/framework/gii/GiiModule.php(143): CAssetManager->publish('/var/www/html/s...')
#3 /var/www/html/sprintasia/yii/framework/base/CComponent.php(111): GiiModule->getAssetsUrl()
#4 /var/www/html/sprintasia/yii/framework/base/CModule.php(105): CComponent->__get('assetsUrl')
#5 /var/www/html/sprintasia/yii/framework/gii/views/layouts/main.php(5): CModule->__get('assetsUrl')
#6 /var/www/html/sprintasia/yii/framework/web/CBaseController.php(126): require('/var/www/html/s...')
#7 /var/www/html/sprintasia/yii/framework/web/CBaseController.php(95): CBaseController->renderInternal('/var/www/html/s...', Array, true)
#8 /var/www/html/sprintasia/yii/framework/web/widgets/CContentDecorator.php(76): CBaseController->renderFile('/var/www/html/s...', Array, true)
#9 /var/www/html/sprintasia/yii/framework/web/widgets/CContentDecorator.php(54): CContentDecorator->decorate('<div class="con...')
#10 /var/www/html/sprintasia/yii/framework/web/widgets/COutputProcessor.php(44): CContentDecorator->processOutput('<div class="con...')
#11 /var/www/html/sprintasia/yii/framework/web/CBaseController.php(214): COutputProcessor->run()
#12 /var/www/html/sprintasia/yii/framework/web/CBaseController.php(308): CBaseController->endWidget('CContentDecorat...')
#13 /var/www/html/sprintasia/yii/framework/gii/views/layouts/column1.php(7): CBaseController->endContent()
#14 /var/www/html/sprintasia/yii/framework/web/CBaseController.php(126): require('/var/www/html/s...')
#15 /var/www/html/sprintasia/yii/framework/web/CBaseController.php(95): CBaseController->renderInternal('/var/www/html/s...', Array, true)
#16 /var/www/html/sprintasia/yii/framework/web/CController.php(784): CBaseController->renderFile('/var/www/html/s...', Array, true)
#17 /var/www/html/sprintasia/yii/framework/gii/controllers/DefaultController.php(47): CController->render('login', Array)
#18 /var/www/html/sprintasia/yii/framework/web/actions/CInlineAction.php(49): DefaultController->actionLogin()
#19 /var/www/html/sprintasia/yii/framework/web/CController.php(308): CInlineAction->runWithParams(Array)
#20 /var/www/html/sprintasia/yii/framework/web/CController.php(286): CController->runAction(Object(CInlineAction))
#21 /var/www/html/sprintasia/yii/framework/web/CController.php(265): CController->runActionWithFilters(Object(CInlineAction), Array)
#22 /var/www/html/sprintasia/yii/framework/web/CWebApplication.php(282): CController->run('login')
#23 /var/www/html/sprintasia/yii/framework/web/CWebApplication.php(141): CWebApplication->runController('gii/default/log...')
#24 /var/www/html/sprintasia/yii/framework/base/CApplication.php(184): CWebApplication->processRequest()
#25 /var/www/html/sprintasia/index.php(13): CApplication->run()
#26 {main}
REQUEST_URI=/sprintasia/gii/default/login
---
2019/05/24 10:56:30 [error] [exception.CDbException] exception 'CDbException' with message 'CDbConnection failed to open the DB connection: SQLSTATE[HY000] [1045] Access denied for user 'root'@'localhost' (using password: YES)' in /var/www/html/sprintasia/yii/framework/db/CDbConnection.php:399
Stack trace:
#0 /var/www/html/sprintasia/yii/framework/db/CDbConnection.php(347): CDbConnection->open()
#1 /var/www/html/sprintasia/yii/framework/db/CDbConnection.php(325): CDbConnection->setActive(true)
#2 /var/www/html/sprintasia/yii/framework/base/CModule.php(394): CDbConnection->init()
#3 /var/www/html/sprintasia/yii/framework/base/CModule.php(103): CModule->getComponent('db')
#4 /var/www/html/sprintasia/yii/framework/gii/generators/model/ModelCode.php(60): CModule->__get('db')
#5 /var/www/html/sprintasia/yii/framework/web/CFormModel.php(39): ModelCode->init()
#6 /var/www/html/sprintasia/yii/framework/gii/CCodeGenerator.php(153): CFormModel->__construct()
#7 /var/www/html/sprintasia/yii/framework/gii/CCodeGenerator.php(63): CCodeGenerator->prepare()
#8 /var/www/html/sprintasia/yii/framework/web/actions/CInlineAction.php(49): CCodeGenerator->actionIndex()
#9 /var/www/html/sprintasia/yii/framework/web/CController.php(308): CInlineAction->runWithParams(Array)
#10 /var/www/html/sprintasia/yii/framework/web/CController.php(286): CController->runAction(Object(CInlineAction))
#11 /var/www/html/sprintasia/yii/framework/web/CController.php(265): CController->runActionWithFilters(Object(CInlineAction), Array)
#12 /var/www/html/sprintasia/yii/framework/web/CWebApplication.php(282): CController->run('index')
#13 /var/www/html/sprintasia/yii/framework/web/CWebApplication.php(141): CWebApplication->runController('gii/model/index')
#14 /var/www/html/sprintasia/yii/framework/base/CApplication.php(184): CWebApplication->processRequest()
#15 /var/www/html/sprintasia/index.php(13): CApplication->run()
#16 {main}
REQUEST_URI=/sprintasia/gii/model/index
HTTP_REFERER=http://localhost/sprintasia/gii/default/index
---
2019/05/24 11:02:34 [error] [exception.CDbException] exception 'CDbException' with message 'CDbConnection failed to open the DB connection: SQLSTATE[HY000] [1045] Access denied for user 'root'@'localhost' (using password: YES)' in /var/www/html/sprintasia/yii/framework/db/CDbConnection.php:399
Stack trace:
#0 /var/www/html/sprintasia/yii/framework/db/CDbConnection.php(347): CDbConnection->open()
#1 /var/www/html/sprintasia/yii/framework/db/CDbConnection.php(325): CDbConnection->setActive(true)
#2 /var/www/html/sprintasia/yii/framework/base/CModule.php(394): CDbConnection->init()
#3 /var/www/html/sprintasia/yii/framework/base/CModule.php(103): CModule->getComponent('db')
#4 /var/www/html/sprintasia/yii/framework/gii/generators/model/ModelCode.php(60): CModule->__get('db')
#5 /var/www/html/sprintasia/yii/framework/web/CFormModel.php(39): ModelCode->init()
#6 /var/www/html/sprintasia/yii/framework/gii/CCodeGenerator.php(153): CFormModel->__construct()
#7 /var/www/html/sprintasia/yii/framework/gii/CCodeGenerator.php(63): CCodeGenerator->prepare()
#8 /var/www/html/sprintasia/yii/framework/web/actions/CInlineAction.php(49): CCodeGenerator->actionIndex()
#9 /var/www/html/sprintasia/yii/framework/web/CController.php(308): CInlineAction->runWithParams(Array)
#10 /var/www/html/sprintasia/yii/framework/web/CController.php(286): CController->runAction(Object(CInlineAction))
#11 /var/www/html/sprintasia/yii/framework/web/CController.php(265): CController->runActionWithFilters(Object(CInlineAction), Array)
#12 /var/www/html/sprintasia/yii/framework/web/CWebApplication.php(282): CController->run('index')
#13 /var/www/html/sprintasia/yii/framework/web/CWebApplication.php(141): CWebApplication->runController('gii/model/index')
#14 /var/www/html/sprintasia/yii/framework/base/CApplication.php(184): CWebApplication->processRequest()
#15 /var/www/html/sprintasia/index.php(13): CApplication->run()
#16 {main}
REQUEST_URI=/sprintasia/gii/model/index
HTTP_REFERER=http://localhost/sprintasia/gii/default/index
---
2019/05/24 11:02:35 [error] [exception.CDbException] exception 'CDbException' with message 'CDbConnection failed to open the DB connection: SQLSTATE[HY000] [1045] Access denied for user 'root'@'localhost' (using password: YES)' in /var/www/html/sprintasia/yii/framework/db/CDbConnection.php:399
Stack trace:
#0 /var/www/html/sprintasia/yii/framework/db/CDbConnection.php(347): CDbConnection->open()
#1 /var/www/html/sprintasia/yii/framework/db/CDbConnection.php(325): CDbConnection->setActive(true)
#2 /var/www/html/sprintasia/yii/framework/base/CModule.php(394): CDbConnection->init()
#3 /var/www/html/sprintasia/yii/framework/base/CModule.php(103): CModule->getComponent('db')
#4 /var/www/html/sprintasia/yii/framework/gii/generators/model/ModelCode.php(60): CModule->__get('db')
#5 /var/www/html/sprintasia/yii/framework/web/CFormModel.php(39): ModelCode->init()
#6 /var/www/html/sprintasia/yii/framework/gii/CCodeGenerator.php(153): CFormModel->__construct()
#7 /var/www/html/sprintasia/yii/framework/gii/CCodeGenerator.php(63): CCodeGenerator->prepare()
#8 /var/www/html/sprintasia/yii/framework/web/actions/CInlineAction.php(49): CCodeGenerator->actionIndex()
#9 /var/www/html/sprintasia/yii/framework/web/CController.php(308): CInlineAction->runWithParams(Array)
#10 /var/www/html/sprintasia/yii/framework/web/CController.php(286): CController->runAction(Object(CInlineAction))
#11 /var/www/html/sprintasia/yii/framework/web/CController.php(265): CController->runActionWithFilters(Object(CInlineAction), Array)
#12 /var/www/html/sprintasia/yii/framework/web/CWebApplication.php(282): CController->run('index')
#13 /var/www/html/sprintasia/yii/framework/web/CWebApplication.php(141): CWebApplication->runController('gii/model/index')
#14 /var/www/html/sprintasia/yii/framework/base/CApplication.php(184): CWebApplication->processRequest()
#15 /var/www/html/sprintasia/index.php(13): CApplication->run()
#16 {main}
REQUEST_URI=/sprintasia/gii/model/index
HTTP_REFERER=http://localhost/sprintasia/gii/default/index
---
2019/05/24 14:17:33 [error] [exception.CException] exception 'CException' with message 'MobilController cannot find the requested view "index".' in /var/www/html/sprintasia/yii/framework/web/CController.php:878
Stack trace:
#0 /var/www/html/sprintasia/yii/framework/web/CController.php(782): CController->renderPartial('index', NULL, true)
#1 /var/www/html/sprintasia/protected/controllers/MobilController.php(44): CController->render('index')
#2 /var/www/html/sprintasia/yii/framework/web/actions/CInlineAction.php(49): MobilController->actionIndex()
#3 /var/www/html/sprintasia/yii/framework/web/CController.php(308): CInlineAction->runWithParams(Array)
#4 /var/www/html/sprintasia/yii/framework/web/CController.php(286): CController->runAction(Object(CInlineAction))
#5 /var/www/html/sprintasia/yii/framework/web/CController.php(265): CController->runActionWithFilters(Object(CInlineAction), Array)
#6 /var/www/html/sprintasia/yii/framework/web/CWebApplication.php(282): CController->run('index')
#7 /var/www/html/sprintasia/yii/framework/web/CWebApplication.php(141): CWebApplication->runController('mobil/index')
#8 /var/www/html/sprintasia/yii/framework/base/CApplication.php(184): CWebApplication->processRequest()
#9 /var/www/html/sprintasia/index.php(13): CApplication->run()
#10 {main}
REQUEST_URI=/sprintasia/mobil/index
HTTP_REFERER=http://localhost/sprintasia/site/login
---
2019/05/24 14:17:40 [error] [exception.CException] exception 'CException' with message 'MobilController cannot find the requested view "index".' in /var/www/html/sprintasia/yii/framework/web/CController.php:878
Stack trace:
#0 /var/www/html/sprintasia/yii/framework/web/CController.php(782): CController->renderPartial('index', NULL, true)
#1 /var/www/html/sprintasia/protected/controllers/MobilController.php(44): CController->render('index')
#2 /var/www/html/sprintasia/yii/framework/web/actions/CInlineAction.php(49): MobilController->actionIndex()
#3 /var/www/html/sprintasia/yii/framework/web/CController.php(308): CInlineAction->runWithParams(Array)
#4 /var/www/html/sprintasia/yii/framework/web/CController.php(286): CController->runAction(Object(CInlineAction))
#5 /var/www/html/sprintasia/yii/framework/web/CController.php(265): CController->runActionWithFilters(Object(CInlineAction), Array)
#6 /var/www/html/sprintasia/yii/framework/web/CWebApplication.php(282): CController->run('index')
#7 /var/www/html/sprintasia/yii/framework/web/CWebApplication.php(141): CWebApplication->runController('mobil/index')
#8 /var/www/html/sprintasia/yii/framework/base/CApplication.php(184): CWebApplication->processRequest()
#9 /var/www/html/sprintasia/index.php(13): CApplication->run()
#10 {main}
REQUEST_URI=/sprintasia/mobil/index
---
2019/05/24 14:18:57 [error] [php] include(UUser.php): failed to open stream: No such file or directory (/var/www/html/sprintasia/yii/framework/YiiBase.php:432)
Stack trace:
#0 /var/www/html/sprintasia/protected/controllers/SiteController.php(209): spl_autoload_call()
#1 /var/www/html/sprintasia/yii/framework/web/actions/CInlineAction.php(49): SiteController->actionLogout()
#2 /var/www/html/sprintasia/yii/framework/web/CController.php(308): CInlineAction->runWithParams()
#3 /var/www/html/sprintasia/yii/framework/web/CController.php(286): SiteController->runAction()
#4 /var/www/html/sprintasia/yii/framework/web/CController.php(265): SiteController->runActionWithFilters()
#5 /var/www/html/sprintasia/yii/framework/web/CWebApplication.php(282): SiteController->run()
#6 /var/www/html/sprintasia/yii/framework/web/CWebApplication.php(141): CWebApplication->runController()
#7 /var/www/html/sprintasia/yii/framework/base/CApplication.php(184): CWebApplication->processRequest()
#8 /var/www/html/sprintasia/index.php(13): CWebApplication->run()
REQUEST_URI=/sprintasia/site/logout
in /var/www/html/sprintasia/protected/controllers/SiteController.php (209)
in /var/www/html/sprintasia/index.php (13)
2019/05/24 14:28:30 [error] [system.db.CDbCommand] CDbCommand::fetchAll() failed: SQLSTATE[42S22]: Column not found: 1054 Unknown column 'bt.name' in 'field list'. The SQL statement executed was: SELECT c.chassis_number, c.police_number, b.name as brand, bt.name as type, c.year FROM `m_chassis` `c` left join m_brand b on bt.type=b.id.
in /var/www/html/sprintasia/protected/models/MChassis.php (110)
in /var/www/html/sprintasia/protected/controllers/MobilController.php (45)
in /var/www/html/sprintasia/index.php (13)
2019/05/24 14:28:30 [error] [exception.CDbException] exception 'CDbException' with message 'CDbCommand failed to execute the SQL statement: SQLSTATE[42S22]: Column not found: 1054 Unknown column 'bt.name' in 'field list'. The SQL statement executed was: SELECT c.chassis_number, c.police_number, b.name as brand, bt.name as type, c.year FROM `m_chassis` `c` left join m_brand b on bt.type=b.id' in /var/www/html/sprintasia/yii/framework/db/CDbCommand.php:543
Stack trace:
#0 /var/www/html/sprintasia/yii/framework/db/CDbCommand.php(396): CDbCommand->queryInternal('fetchAll', Array, Array)
#1 /var/www/html/sprintasia/yii/framework/db/ar/CActiveRecord.php(1356): CDbCommand->queryAll()
#2 /var/www/html/sprintasia/yii/framework/db/ar/CActiveRecord.php(1475): CActiveRecord->query(Object(CDbCriteria), true)
#3 /var/www/html/sprintasia/protected/models/MChassis.php(110): CActiveRecord->findAll(Object(CDbCriteria))
#4 /var/www/html/sprintasia/protected/controllers/MobilController.php(45): MChassis->getDataChassis()
#5 /var/www/html/sprintasia/yii/framework/web/actions/CInlineAction.php(49): MobilController->actionIndex()
#6 /var/www/html/sprintasia/yii/framework/web/CController.php(308): CInlineAction->runWithParams(Array)
#7 /var/www/html/sprintasia/yii/framework/web/CController.php(286): CController->runAction(Object(CInlineAction))
#8 /var/www/html/sprintasia/yii/framework/web/CController.php(265): CController->runActionWithFilters(Object(CInlineAction), Array)
#9 /var/www/html/sprintasia/yii/framework/web/CWebApplication.php(282): CController->run('index')
#10 /var/www/html/sprintasia/yii/framework/web/CWebApplication.php(141): CWebApplication->runController('mobil/index')
#11 /var/www/html/sprintasia/yii/framework/base/CApplication.php(184): CWebApplication->processRequest()
#12 /var/www/html/sprintasia/index.php(13): CApplication->run()
#13 {main}
REQUEST_URI=/sprintasia/mobil/index
HTTP_REFERER=http://localhost/sprintasia/site/login
---
2019/05/24 14:29:40 [error] [system.db.CDbCommand] CDbCommand::fetchAll() failed: SQLSTATE[42S22]: Column not found: 1054 Unknown column 'bt.type' in 'on clause'. The SQL statement executed was: SELECT c.chassis_number, c.police_number, b.name as brand, bt.name as type, c.year FROM `m_chassis` `c` left join m_brand_type bt on c.type=bt.id left join m_brand b on bt.type=b.id.
in /var/www/html/sprintasia/protected/models/MChassis.php (109)
in /var/www/html/sprintasia/protected/controllers/MobilController.php (45)
in /var/www/html/sprintasia/index.php (13)
2019/05/24 14:29:40 [error] [exception.CDbException] exception 'CDbException' with message 'CDbCommand failed to execute the SQL statement: SQLSTATE[42S22]: Column not found: 1054 Unknown column 'bt.type' in 'on clause'. The SQL statement executed was: SELECT c.chassis_number, c.police_number, b.name as brand, bt.name as type, c.year FROM `m_chassis` `c` left join m_brand_type bt on c.type=bt.id left join m_brand b on bt.type=b.id' in /var/www/html/sprintasia/yii/framework/db/CDbCommand.php:543
Stack trace:
#0 /var/www/html/sprintasia/yii/framework/db/CDbCommand.php(396): CDbCommand->queryInternal('fetchAll', Array, Array)
#1 /var/www/html/sprintasia/yii/framework/db/ar/CActiveRecord.php(1356): CDbCommand->queryAll()
#2 /var/www/html/sprintasia/yii/framework/db/ar/CActiveRecord.php(1475): CActiveRecord->query(Object(CDbCriteria), true)
#3 /var/www/html/sprintasia/protected/models/MChassis.php(109): CActiveRecord->findAll(Object(CDbCriteria))
#4 /var/www/html/sprintasia/protected/controllers/MobilController.php(45): MChassis->getDataChassis()
#5 /var/www/html/sprintasia/yii/framework/web/actions/CInlineAction.php(49): MobilController->actionIndex()
#6 /var/www/html/sprintasia/yii/framework/web/CController.php(308): CInlineAction->runWithParams(Array)
#7 /var/www/html/sprintasia/yii/framework/web/CController.php(286): CController->runAction(Object(CInlineAction))
#8 /var/www/html/sprintasia/yii/framework/web/CController.php(265): CController->runActionWithFilters(Object(CInlineAction), Array)
#9 /var/www/html/sprintasia/yii/framework/web/CWebApplication.php(282): CController->run('index')
#10 /var/www/html/sprintasia/yii/framework/web/CWebApplication.php(141): CWebApplication->runController('mobil/index')
#11 /var/www/html/sprintasia/yii/framework/base/CApplication.php(184): CWebApplication->processRequest()
#12 /var/www/html/sprintasia/index.php(13): CApplication->run()
#13 {main}
REQUEST_URI=/sprintasia/mobil/index
---
2019/05/24 14:37:28 [error] [exception.CException] exception 'CException' with message 'Property "MChassis.brand" is not defined.' in /var/www/html/sprintasia/yii/framework/base/CComponent.php:130
Stack trace:
#0 /var/www/html/sprintasia/yii/framework/db/ar/CActiveRecord.php(145): CComponent->__get('brand')
#1 /var/www/html/sprintasia/protected/views/mobil/index.php(46): CActiveRecord->__get('brand')
#2 /var/www/html/sprintasia/yii/framework/web/CBaseController.php(126): require('/var/www/html/s...')
#3 /var/www/html/sprintasia/yii/framework/web/CBaseController.php(95): CBaseController->renderInternal('/var/www/html/s...', Array, true)
#4 /var/www/html/sprintasia/yii/framework/web/CController.php(869): CBaseController->renderFile('/var/www/html/s...', Array, true)
#5 /var/www/html/sprintasia/yii/framework/web/CController.php(782): CController->renderPartial('index', Array, true)
#6 /var/www/html/sprintasia/protected/controllers/MobilController.php(49): CController->render('index', Array)
#7 /var/www/html/sprintasia/yii/framework/web/actions/CInlineAction.php(49): MobilController->actionIndex()
#8 /var/www/html/sprintasia/yii/framework/web/CController.php(308): CInlineAction->runWithParams(Array)
#9 /var/www/html/sprintasia/yii/framework/web/CController.php(286): CController->runAction(Object(CInlineAction))
#10 /var/www/html/sprintasia/yii/framework/web/CController.php(265): CController->runActionWithFilters(Object(CInlineAction), Array)
#11 /var/www/html/sprintasia/yii/framework/web/CWebApplication.php(282): CController->run('index')
#12 /var/www/html/sprintasia/yii/framework/web/CWebApplication.php(141): CWebApplication->runController('mobil/index')
#13 /var/www/html/sprintasia/yii/framework/base/CApplication.php(184): CWebApplication->processRequest()
#14 /var/www/html/sprintasia/index.php(13): CApplication->run()
#15 {main}
REQUEST_URI=/sprintasia/mobil/index
---
2019/05/24 14:43:55 [error] [php] Trying to get property of non-object (/var/www/html/sprintasia/protected/views/mobil/index.php:47)
Stack trace:
#0 /var/www/html/sprintasia/yii/framework/web/CController.php(869): MobilController->renderFile()
#1 /var/www/html/sprintasia/yii/framework/web/CController.php(782): MobilController->renderPartial()
#2 /var/www/html/sprintasia/protected/controllers/MobilController.php(49): MobilController->render()
#3 /var/www/html/sprintasia/yii/framework/web/actions/CInlineAction.php(49): MobilController->actionIndex()
#4 /var/www/html/sprintasia/yii/framework/web/CController.php(308): CInlineAction->runWithParams()
#5 /var/www/html/sprintasia/yii/framework/web/CController.php(286): MobilController->runAction()
#6 /var/www/html/sprintasia/yii/framework/web/CController.php(265): MobilController->runActionWithFilters()
#7 /var/www/html/sprintasia/yii/framework/web/CWebApplication.php(282): MobilController->run()
#8 /var/www/html/sprintasia/yii/framework/web/CWebApplication.php(141): CWebApplication->runController()
#9 /var/www/html/sprintasia/yii/framework/base/CApplication.php(184): CWebApplication->processRequest()
#10 /var/www/html/sprintasia/index.php(13): CWebApplication->run()
REQUEST_URI=/sprintasia/mobil/index
in /var/www/html/sprintasia/protected/views/mobil/index.php (47)
in /var/www/html/sprintasia/protected/controllers/MobilController.php (49)
in /var/www/html/sprintasia/index.php (13)
2019/05/24 14:44:20 [error] [php] Object of class MBrandType could not be converted to string (/var/www/html/sprintasia/protected/views/mobil/index.php:47)
Stack trace:
#0 /var/www/html/sprintasia/yii/framework/web/CController.php(869): MobilController->renderFile()
#1 /var/www/html/sprintasia/yii/framework/web/CController.php(782): MobilController->renderPartial()
#2 /var/www/html/sprintasia/protected/controllers/MobilController.php(49): MobilController->render()
#3 /var/www/html/sprintasia/yii/framework/web/actions/CInlineAction.php(49): MobilController->actionIndex()
#4 /var/www/html/sprintasia/yii/framework/web/CController.php(308): CInlineAction->runWithParams()
#5 /var/www/html/sprintasia/yii/framework/web/CController.php(286): MobilController->runAction()
#6 /var/www/html/sprintasia/yii/framework/web/CController.php(265): MobilController->runActionWithFilters()
#7 /var/www/html/sprintasia/yii/framework/web/CWebApplication.php(282): MobilController->run()
#8 /var/www/html/sprintasia/yii/framework/web/CWebApplication.php(141): CWebApplication->runController()
#9 /var/www/html/sprintasia/yii/framework/base/CApplication.php(184): CWebApplication->processRequest()
#10 /var/www/html/sprintasia/index.php(13): CWebApplication->run()
REQUEST_URI=/sprintasia/mobil/index
in /var/www/html/sprintasia/protected/views/mobil/index.php (47)
in /var/www/html/sprintasia/protected/controllers/MobilController.php (49)
in /var/www/html/sprintasia/index.php (13)
2019/05/24 14:44:40 [error] [php] Trying to get property of non-object (/var/www/html/sprintasia/protected/views/mobil/index.php:46)
Stack trace:
#0 /var/www/html/sprintasia/yii/framework/web/CController.php(869): MobilController->renderFile()
#1 /var/www/html/sprintasia/yii/framework/web/CController.php(782): MobilController->renderPartial()
#2 /var/www/html/sprintasia/protected/controllers/MobilController.php(49): MobilController->render()
#3 /var/www/html/sprintasia/yii/framework/web/actions/CInlineAction.php(49): MobilController->actionIndex()
#4 /var/www/html/sprintasia/yii/framework/web/CController.php(308): CInlineAction->runWithParams()
#5 /var/www/html/sprintasia/yii/framework/web/CController.php(286): MobilController->runAction()
#6 /var/www/html/sprintasia/yii/framework/web/CController.php(265): MobilController->runActionWithFilters()
#7 /var/www/html/sprintasia/yii/framework/web/CWebApplication.php(282): MobilController->run()
#8 /var/www/html/sprintasia/yii/framework/web/CWebApplication.php(141): CWebApplication->runController()
#9 /var/www/html/sprintasia/yii/framework/base/CApplication.php(184): CWebApplication->processRequest()
#10 /var/www/html/sprintasia/index.php(13): CWebApplication->run()
REQUEST_URI=/sprintasia/mobil/index
in /var/www/html/sprintasia/protected/views/mobil/index.php (46)
in /var/www/html/sprintasia/protected/controllers/MobilController.php (49)
in /var/www/html/sprintasia/index.php (13)
2019/05/24 15:44:03 [error] [exception.CException] exception 'CException' with message 'Property "MChassis.id" is not defined.' in /var/www/html/sprintasia/yii/framework/base/CComponent.php:130
Stack trace:
#0 /var/www/html/sprintasia/yii/framework/db/ar/CActiveRecord.php(145): CComponent->__get('id')
#1 /var/www/html/sprintasia/protected/views/mobil/index.php(51): CActiveRecord->__get('id')
#2 /var/www/html/sprintasia/yii/framework/web/CBaseController.php(126): require('/var/www/html/s...')
#3 /var/www/html/sprintasia/yii/framework/web/CBaseController.php(95): CBaseController->renderInternal('/var/www/html/s...', Array, true)
#4 /var/www/html/sprintasia/yii/framework/web/CController.php(869): CBaseController->renderFile('/var/www/html/s...', Array, true)
#5 /var/www/html/sprintasia/yii/framework/web/CController.php(782): CController->renderPartial('index', Array, true)
#6 /var/www/html/sprintasia/protected/controllers/MobilController.php(49): CController->render('index', Array)
#7 /var/www/html/sprintasia/yii/framework/web/actions/CInlineAction.php(49): MobilController->actionIndex()
#8 /var/www/html/sprintasia/yii/framework/web/CController.php(308): CInlineAction->runWithParams(Array)
#9 /var/www/html/sprintasia/yii/framework/web/CController.php(286): CController->runAction(Object(CInlineAction))
#10 /var/www/html/sprintasia/yii/framework/web/CController.php(265): CController->runActionWithFilters(Object(CInlineAction), Array)
#11 /var/www/html/sprintasia/yii/framework/web/CWebApplication.php(282): CController->run('index')
#12 /var/www/html/sprintasia/yii/framework/web/CWebApplication.php(141): CWebApplication->runController('mobil/index')
#13 /var/www/html/sprintasia/yii/framework/base/CApplication.php(184): CWebApplication->processRequest()
#14 /var/www/html/sprintasia/index.php(13): CApplication->run()
#15 {main}
REQUEST_URI=/sprintasia/mobil/index
---
2019/05/24 15:58:50 [warning] [application] Failed to set unsafe attribute "brand" of "MChassis".
in /var/www/html/sprintasia/protected/controllers/MobilController.php (82)
in /var/www/html/sprintasia/protected/controllers/MobilController.php (9)
in /var/www/html/sprintasia/index.php (13)
2019/05/24 15:59:05 [warning] [application] Failed to set unsafe attribute "brand" of "MChassis".
in /var/www/html/sprintasia/protected/controllers/MobilController.php (82)
in /var/www/html/sprintasia/protected/controllers/MobilController.php (9)
in /var/www/html/sprintasia/index.php (13)
2019/05/24 16:00:06 [warning] [application] Failed to set unsafe attribute "brand" of "MChassis".
in /var/www/html/sprintasia/protected/controllers/MobilController.php (82)
in /var/www/html/sprintasia/protected/controllers/MobilController.php (9)
in /var/www/html/sprintasia/index.php (13)
2019/05/24 16:01:11 [warning] [application] Failed to set unsafe attribute "brand" of "MChassis".
in /var/www/html/sprintasia/protected/controllers/MobilController.php (82)
in /var/www/html/sprintasia/protected/controllers/MobilController.php (9)
in /var/www/html/sprintasia/index.php (13)
2019/05/24 16:02:36 [warning] [application] Failed to set unsafe attribute "brand" of "MChassis".
in /var/www/html/sprintasia/protected/controllers/MobilController.php (82)
in /var/www/html/sprintasia/protected/controllers/MobilController.php (9)
in /var/www/html/sprintasia/index.php (13)
2019/05/24 16:07:25 [error] [exception.CHttpException.404] exception 'CHttpException' with message 'Unable to resolve the request "gettype".' in /var/www/html/sprintasia/yii/framework/web/CWebApplication.php:286
Stack trace:
#0 /var/www/html/sprintasia/yii/framework/web/CWebApplication.php(141): CWebApplication->runController('gettype')
#1 /var/www/html/sprintasia/yii/framework/base/CApplication.php(184): CWebApplication->processRequest()
#2 /var/www/html/sprintasia/index.php(13): CApplication->run()
#3 {main}
REQUEST_URI=/sprintasia/gettype
HTTP_REFERER=http://localhost/sprintasia/mobil/create
---
2019/05/24 16:07:28 [warning] [application] Failed to set unsafe attribute "brand" of "MChassis".
in /var/www/html/sprintasia/protected/controllers/MobilController.php (88)
in /var/www/html/sprintasia/protected/controllers/MobilController.php (9)
in /var/www/html/sprintasia/index.php (13)
2019/05/24 16:08:05 [error] [php] Undefined index: id (/var/www/html/sprintasia/protected/controllers/MobilController.php:31)
Stack trace:
#0 /var/www/html/sprintasia/yii/framework/web/CController.php(286): MobilController->runAction()
#1 /var/www/html/sprintasia/yii/framework/web/CController.php(265): MobilController->runActionWithFilters()
#2 /var/www/html/sprintasia/yii/framework/web/CWebApplication.php(282): MobilController->run()
#3 /var/www/html/sprintasia/yii/framework/web/CWebApplication.php(141): CWebApplication->runController()
#4 /var/www/html/sprintasia/yii/framework/base/CApplication.php(184): CWebApplication->processRequest()
#5 /var/www/html/sprintasia/index.php(13): CWebApplication->run()
REQUEST_URI=/sprintasia/mobil/gettype
in /var/www/html/sprintasia/protected/controllers/MobilController.php (31)
in /var/www/html/sprintasia/index.php (13)
2019/05/24 16:08:33 [error] [php] Undefined variable: id (/var/www/html/sprintasia/protected/controllers/MobilController.php:31)
Stack trace:
#0 /var/www/html/sprintasia/yii/framework/web/CController.php(286): MobilController->runAction()
#1 /var/www/html/sprintasia/yii/framework/web/CController.php(265): MobilController->runActionWithFilters()
#2 /var/www/html/sprintasia/yii/framework/web/CWebApplication.php(282): MobilController->run()
#3 /var/www/html/sprintasia/yii/framework/web/CWebApplication.php(141): CWebApplication->runController()
#4 /var/www/html/sprintasia/yii/framework/base/CApplication.php(184): CWebApplication->processRequest()
#5 /var/www/html/sprintasia/index.php(13): CWebApplication->run()
REQUEST_URI=/sprintasia/mobil/gettype
in /var/www/html/sprintasia/protected/controllers/MobilController.php (31)
in /var/www/html/sprintasia/index.php (13)
2019/05/24 16:08:35 [warning] [application] Failed to set unsafe attribute "brand" of "MChassis".
in /var/www/html/sprintasia/protected/controllers/MobilController.php (87)
in /var/www/html/sprintasia/protected/controllers/MobilController.php (9)
in /var/www/html/sprintasia/index.php (13)
2019/05/24 16:08:48 [warning] [application] Failed to set unsafe attribute "brand" of "MChassis".
in /var/www/html/sprintasia/protected/controllers/MobilController.php (87)
in /var/www/html/sprintasia/protected/controllers/MobilController.php (9)
in /var/www/html/sprintasia/index.php (13)
2019/05/24 16:08:49 [warning] [application] Failed to set unsafe attribute "brand" of "MChassis".
in /var/www/html/sprintasia/protected/controllers/MobilController.php (87)
in /var/www/html/sprintasia/protected/controllers/MobilController.php (9)
in /var/www/html/sprintasia/index.php (13)
2019/05/24 16:14:44 [warning] [application] Failed to set unsafe attribute "brand" of "MChassis".
in /var/www/html/sprintasia/protected/controllers/MobilController.php (13)
in /var/www/html/sprintasia/index.php (13)
2019/05/24 16:21:06 [error] [php] Object of class MBrandType could not be converted to string (/var/www/html/sprintasia/protected/controllers/MobilController.php:38)
Stack trace:
#0 /var/www/html/sprintasia/yii/framework/web/CController.php(286): MobilController->runAction()
#1 /var/www/html/sprintasia/yii/framework/web/CController.php(265): MobilController->runActionWithFilters()
#2 /var/www/html/sprintasia/yii/framework/web/CWebApplication.php(282): MobilController->run()
#3 /var/www/html/sprintasia/yii/framework/web/CWebApplication.php(141): CWebApplication->runController()
#4 /var/www/html/sprintasia/yii/framework/base/CApplication.php(184): CWebApplication->processRequest()
#5 /var/www/html/sprintasia/index.php(13): CWebApplication->run()
REQUEST_URI=/sprintasia/mobil/gettype
in /var/www/html/sprintasia/protected/controllers/MobilController.php (38)
in /var/www/html/sprintasia/index.php (13)
2019/05/24 16:23:17 [warning] [application] Failed to set unsafe attribute "brand" of "MChassis".
in /var/www/html/sprintasia/protected/controllers/MobilController.php (13)
in /var/www/html/sprintasia/index.php (13)
2019/05/24 16:24:41 [warning] [application] Failed to set unsafe attribute "brand" of "MChassis".
in /var/www/html/sprintasia/protected/controllers/MobilController.php (13)
in /var/www/html/sprintasia/index.php (13)
2019/05/24 16:34:00 [error] [php] Missing argument 1 for CActiveRecord::findByPk(), called in /var/www/html/sprintasia/protected/controllers/MobilController.php on line 31 and defined (/var/www/html/sprintasia/yii/framework/db/ar/CActiveRecord.php:1486)
Stack trace:
#0 /var/www/html/sprintasia/yii/framework/web/actions/CAction.php(109): ReflectionMethod->invokeArgs()
#1 /var/www/html/sprintasia/yii/framework/web/actions/CInlineAction.php(47): CInlineAction->runWithParamsInternal()
#2 /var/www/html/sprintasia/yii/framework/web/CController.php(308): CInlineAction->runWithParams()
#3 /var/www/html/sprintasia/yii/framework/web/CController.php(286): MobilController->runAction()
#4 /var/www/html/sprintasia/yii/framework/web/CController.php(265): MobilController->runActionWithFilters()
#5 /var/www/html/sprintasia/yii/framework/web/CWebApplication.php(282): MobilController->run()
#6 /var/www/html/sprintasia/yii/framework/web/CWebApplication.php(141): CWebApplication->runController()
#7 /var/www/html/sprintasia/yii/framework/base/CApplication.php(184): CWebApplication->processRequest()
#8 /var/www/html/sprintasia/index.php(13): CWebApplication->run()
REQUEST_URI=/sprintasia/mobil/update/id/12345632423
in /var/www/html/sprintasia/protected/controllers/MobilController.php (31)
in /var/www/html/sprintasia/index.php (13)
2019/05/24 16:40:34 [warning] [application] Failed to set unsafe attribute "brand" of "MChassis".
in /var/www/html/sprintasia/protected/controllers/MobilController.php (39)
in /var/www/html/sprintasia/index.php (13)
2019/05/24 17:07:54 [warning] [application] Failed to set unsafe attribute "brand" of "MChassis".
in /var/www/html/sprintasia/protected/controllers/MobilController.php (13)
in /var/www/html/sprintasia/index.php (13)
2019/05/24 17:08:17 [warning] [application] Failed to set unsafe attribute "brand" of "MChassis".
in /var/www/html/sprintasia/protected/controllers/MobilController.php (13)
in /var/www/html/sprintasia/index.php (13)
2019/05/24 17:12:38 [warning] [application] Failed to set unsafe attribute "brand" of "MChassis".
in /var/www/html/sprintasia/protected/controllers/MobilController.php (13)
in /var/www/html/sprintasia/index.php (13)
2019/05/24 17:15:45 [warning] [application] Failed to set unsafe attribute "brand" of "MChassis".
in /var/www/html/sprintasia/protected/controllers/MobilController.php (13)
in /var/www/html/sprintasia/index.php (13)
2019/05/24 17:21:26 [warning] [application] Failed to set unsafe attribute "brand" of "MChassis".
in /var/www/html/sprintasia/protected/controllers/MobilController.php (13)
in /var/www/html/sprintasia/index.php (13)
2019/05/24 18:06:22 [error] [exception.CDbException] CDbException: CDbConnection failed to open the DB connection: SQLSTATE[HY000] [1045] Access denied for user 'peron'@'localhost' (using password: NO) in D:\Wamp\www\sprintasia\yii\framework\db\CDbConnection.php:399
Stack trace:
#0 D:\Wamp\www\sprintasia\yii\framework\db\CDbConnection.php(347): CDbConnection->open()
#1 D:\Wamp\www\sprintasia\yii\framework\db\CDbConnection.php(325): CDbConnection->setActive(true)
#2 D:\Wamp\www\sprintasia\yii\framework\base\CModule.php(394): CDbConnection->init()
#3 D:\Wamp\www\sprintasia\yii\framework\base\CApplication.php(458): CModule->getComponent('db')
#4 D:\Wamp\www\sprintasia\yii\framework\db\ar\CActiveRecord.php(637): CApplication->getDb()
#5 D:\Wamp\www\sprintasia\yii\framework\db\ar\CActiveRecord.php(670): CActiveRecord->getDbConnection()
#6 D:\Wamp\www\sprintasia\yii\framework\db\ar\CActiveRecord.php(1460): CActiveRecord->getCommandBuilder()
#7 D:\Wamp\www\sprintasia\protected\components\UserIdentity.php(23): CActiveRecord->find(Object(CDbCriteria))
#8 D:\Wamp\www\sprintasia\protected\models\LoginForm.php(52): UserIdentity->authenticate()
#9 D:\Wamp\www\sprintasia\yii\framework\validators\CInlineValidator.php(42): LoginForm->authenticate('password', Array)
#10 D:\Wamp\www\sprintasia\yii\framework\validators\CValidator.php(201): CInlineValidator->validateAttribute(Object(LoginForm), 'password')
#11 D:\Wamp\www\sprintasia\yii\framework\base\CModel.php(159): CValidator->validate(Object(LoginForm), Array)
#12 D:\Wamp\www\sprintasia\protected\controllers\SiteController.php(109): CModel->validate()
#13 D:\Wamp\www\sprintasia\yii\framework\web\actions\CInlineAction.php(49): SiteController->actionLogin()
#14 D:\Wamp\www\sprintasia\yii\framework\web\CController.php(308): CInlineAction->runWithParams(Array)
#15 D:\Wamp\www\sprintasia\yii\framework\web\CController.php(286): CController->runAction(Object(CInlineAction))
#16 D:\Wamp\www\sprintasia\yii\framework\web\CController.php(265): CController->runActionWithFilters(Object(CInlineAction), Array)
#17 D:\Wamp\www\sprintasia\yii\framework\web\CWebApplication.php(282): CController->run('login')
#18 D:\Wamp\www\sprintasia\yii\framework\web\CWebApplication.php(141): CWebApplication->runController('site/login')
#19 D:\Wamp\www\sprintasia\yii\framework\base\CApplication.php(184): CWebApplication->processRequest()
#20 D:\Wamp\www\sprintasia\index.php(13): CApplication->run()
#21 {main}
REQUEST_URI=/sprintasia/site/login
HTTP_REFERER=http://localhost/sprintasia/site/login
---
2019/05/24 18:10:54 [warning] [application] Failed to set unsafe attribute "brand" of "MChassis".
in D:\Wamp\www\sprintasia\protected\controllers\MobilController.php (13)
in D:\Wamp\www\sprintasia\index.php (13)
2019/05/24 18:11:28 [warning] [application] Failed to set unsafe attribute "brand" of "MChassis".
in D:\Wamp\www\sprintasia\protected\controllers\MobilController.php (13)
in D:\Wamp\www\sprintasia\index.php (13)
2019/05/24 18:11:50 [warning] [application] Failed to set unsafe attribute "brand" of "MChassis".
in D:\Wamp\www\sprintasia\protected\controllers\MobilController.php (13)
in D:\Wamp\www\sprintasia\index.php (13)
2019/05/24 18:12:21 [warning] [application] Failed to set unsafe attribute "brand" of "MChassis".
in D:\Wamp\www\sprintasia\protected\controllers\MobilController.php (13)
in D:\Wamp\www\sprintasia\index.php (13)
2019/05/24 18:59:46 [error] [exception.CHttpException.404] CHttpException: Unable to resolve the request "brandtype/index". in D:\Wamp\www\sprintasia\yii\framework\web\CWebApplication.php:286
Stack trace:
#0 D:\Wamp\www\sprintasia\yii\framework\web\CWebApplication.php(141): CWebApplication->runController('brandtype/index')
#1 D:\Wamp\www\sprintasia\yii\framework\base\CApplication.php(184): CWebApplication->processRequest()
#2 D:\Wamp\www\sprintasia\index.php(13): CApplication->run()
#3 {main}
REQUEST_URI=/sprintasia/brandtype/index
HTTP_REFERER=http://localhost/sprintasia/mobil/index
---
2019/05/24 19:06:13 [error] [exception.CHttpException.404] CHttpException: Unable to resolve the request "mbrand/update". in D:\Wamp\www\sprintasia\yii\framework\web\CWebApplication.php:286
Stack trace:
#0 D:\Wamp\www\sprintasia\yii\framework\web\CWebApplication.php(141): CWebApplication->runController('mbrand/update')
#1 D:\Wamp\www\sprintasia\yii\framework\base\CApplication.php(184): CWebApplication->processRequest()
#2 D:\Wamp\www\sprintasia\index.php(13): CApplication->run()
#3 {main}
REQUEST_URI=/sprintasia/mbrand/update/id/SUZUKI
HTTP_REFERER=http://localhost/sprintasia/brand/index
---
2019/05/24 19:19:41 [warning] [application] Failed to set unsafe attribute "brand" of "MChassis".
in D:\Wamp\www\sprintasia\protected\controllers\MobilController.php (13)
in D:\Wamp\www\sprintasia\index.php (13)
2019/05/24 19:28:47 [error] [exception.ParseError] ParseError: syntax error, unexpected 'public' (T_PUBLIC), expecting '(' in D:\Wamp\www\sprintasia\protected\controllers\MobilController.php:92
Stack trace:
#0 D:\Wamp\www\sprintasia\yii\framework\web\CWebApplication.php(276): CWebApplication->createController('list/')
#1 D:\Wamp\www\sprintasia\yii\framework\web\CWebApplication.php(141): CWebApplication->runController('mobil/list')
#2 D:\Wamp\www\sprintasia\yii\framework\base\CApplication.php(184): CWebApplication->processRequest()
#3 D:\Wamp\www\sprintasia\index.php(13): CApplication->run()
#4 {main}
REQUEST_URI=/sprintasia/mobil/list
---
2019/05/24 19:30:35 [error] [exception.CHttpException.404] CHttpException: The system is unable to find the requested action "brand". in D:\Wamp\www\sprintasia\yii\framework\web\CController.php:483
Stack trace:
#0 D:\Wamp\www\sprintasia\yii\framework\web\CController.php(270): CController->missingAction('brand')
#1 D:\Wamp\www\sprintasia\yii\framework\web\CWebApplication.php(282): CController->run('brand')
#2 D:\Wamp\www\sprintasia\yii\framework\web\CWebApplication.php(141): CWebApplication->runController('mobil/brand')
#3 D:\Wamp\www\sprintasia\yii\framework\base\CApplication.php(184): CWebApplication->processRequest()
#4 D:\Wamp\www\sprintasia\index.php(13): CApplication->run()
#5 {main}
REQUEST_URI=/sprintasia/mobil/brand
---
2019/05/24 19:38:52 [error] [exception.CException] CException: The URL pattern "api/mobil/index/brand/<id:\w+>/type/<id:\w+>" for route "api/mobil/" is not a valid regular expression. in D:\Wamp\www\sprintasia\yii\framework\web\CUrlManager.php:702
Stack trace:
#0 D:\Wamp\www\sprintasia\yii\framework\web\CUrlManager.php(270): CUrlRule->__construct('api/mobil/', 'api/mobil/index...')
#1 D:\Wamp\www\sprintasia\yii\framework\web\CUrlManager.php(226): CUrlManager->createUrlRule('api/mobil/', 'api/mobil/index...')
#2 D:\Wamp\www\sprintasia\yii\framework\web\CUrlManager.php(206): CUrlManager->processRules()
#3 D:\Wamp\www\sprintasia\yii\framework\base\CModule.php(394): CUrlManager->init()
#4 D:\Wamp\www\sprintasia\yii\framework\base\CApplication.php(530): CModule->getComponent('urlManager')
#5 D:\Wamp\www\sprintasia\yii\framework\web\CWebApplication.php(140): CApplication->getUrlManager()
#6 D:\Wamp\www\sprintasia\yii\framework\base\CApplication.php(184): CWebApplication->processRequest()
#7 D:\Wamp\www\sprintasia\index.php(13): CApplication->run()
#8 {main}
REQUEST_URI=/sprintasia/api/mobile
---
2019/05/24 19:38:56 [error] [exception.CException] CException: The URL pattern "api/mobil/index/brand/<id:\w+>/type/<id:\w+>" for route "api/mobil/" is not a valid regular expression. in D:\Wamp\www\sprintasia\yii\framework\web\CUrlManager.php:702
Stack trace:
#0 D:\Wamp\www\sprintasia\yii\framework\web\CUrlManager.php(270): CUrlRule->__construct('api/mobil/', 'api/mobil/index...')
#1 D:\Wamp\www\sprintasia\yii\framework\web\CUrlManager.php(226): CUrlManager->createUrlRule('api/mobil/', 'api/mobil/index...')
#2 D:\Wamp\www\sprintasia\yii\framework\web\CUrlManager.php(206): CUrlManager->processRules()
#3 D:\Wamp\www\sprintasia\yii\framework\base\CModule.php(394): CUrlManager->init()
#4 D:\Wamp\www\sprintasia\yii\framework\base\CApplication.php(530): CModule->getComponent('urlManager')
#5 D:\Wamp\www\sprintasia\yii\framework\web\CWebApplication.php(140): CApplication->getUrlManager()
#6 D:\Wamp\www\sprintasia\yii\framework\base\CApplication.php(184): CWebApplication->processRequest()
#7 D:\Wamp\www\sprintasia\index.php(13): CApplication->run()
#8 {main}
REQUEST_URI=/sprintasia/api/mobil
---
2019/05/24 19:46:14 [error] [exception.CHttpException.404] CHttpException: The system is unable to find the requested action "brand". in D:\Wamp\www\sprintasia\yii\framework\web\CController.php:483
Stack trace:
#0 D:\Wamp\www\sprintasia\yii\framework\web\CController.php(270): CController->missingAction('brand')
#1 D:\Wamp\www\sprintasia\yii\framework\web\CWebApplication.php(282): CController->run('brand')
#2 D:\Wamp\www\sprintasia\yii\framework\web\CWebApplication.php(141): CWebApplication->runController('api/mobil/brand...')
#3 D:\Wamp\www\sprintasia\yii\framework\base\CApplication.php(184): CWebApplication->processRequest()
#4 D:\Wamp\www\sprintasia\index.php(13): CApplication->run()
#5 {main}
REQUEST_URI=/sprintasia/api/mobil/brand/a/type/b
---
2019/05/24 19:46:51 [error] [exception.CHttpException.404] CHttpException: The system is unable to find the requested action "brand". in D:\Wamp\www\sprintasia\yii\framework\web\CController.php:483
Stack trace:
#0 D:\Wamp\www\sprintasia\yii\framework\web\CController.php(270): CController->missingAction('brand')
#1 D:\Wamp\www\sprintasia\yii\framework\web\CWebApplication.php(282): CController->run('brand')
#2 D:\Wamp\www\sprintasia\yii\framework\web\CWebApplication.php(141): CWebApplication->runController('api/mobil/brand...')
#3 D:\Wamp\www\sprintasia\yii\framework\base\CApplication.php(184): CWebApplication->processRequest()
#4 D:\Wamp\www\sprintasia\index.php(13): CApplication->run()
#5 {main}
REQUEST_URI=/sprintasia/api/mobil/brand/a/type/b
---
2019/05/24 19:47:04 [error] [exception.CHttpException.404] CHttpException: The system is unable to find the requested action "brand". in D:\Wamp\www\sprintasia\yii\framework\web\CController.php:483
Stack trace:
#0 D:\Wamp\www\sprintasia\yii\framework\web\CController.php(270): CController->missingAction('brand')
#1 D:\Wamp\www\sprintasia\yii\framework\web\CWebApplication.php(282): CController->run('brand')
#2 D:\Wamp\www\sprintasia\yii\framework\web\CWebApplication.php(141): CWebApplication->runController('api/mobil/brand...')
#3 D:\Wamp\www\sprintasia\yii\framework\base\CApplication.php(184): CWebApplication->processRequest()
#4 D:\Wamp\www\sprintasia\index.php(13): CApplication->run()
#5 {main}
REQUEST_URI=/sprintasia/api/mobil/brand/a/type/b
---
2019/05/24 19:51:57 [error] [exception.CHttpException.404] CHttpException: The system is unable to find the requested action "brand". in D:\Wamp\www\sprintasia\yii\framework\web\CController.php:483
Stack trace:
#0 D:\Wamp\www\sprintasia\yii\framework\web\CController.php(270): CController->missingAction('brand')
#1 D:\Wamp\www\sprintasia\yii\framework\web\CWebApplication.php(282): CController->run('brand')
#2 D:\Wamp\www\sprintasia\yii\framework\web\CWebApplication.php(141): CWebApplication->runController('api/mobil/brand...')
#3 D:\Wamp\www\sprintasia\yii\framework\base\CApplication.php(184): CWebApplication->processRequest()
#4 D:\Wamp\www\sprintasia\index.php(13): CApplication->run()
#5 {main}
REQUEST_URI=/sprintasia/api/mobil/brand/a/type/b
---
2019/05/24 19:52:46 [error] [exception.CHttpException.404] CHttpException: The system is unable to find the requested action "brand". in D:\Wamp\www\sprintasia\yii\framework\web\CController.php:483
Stack trace:
#0 D:\Wamp\www\sprintasia\yii\framework\web\CController.php(270): CController->missingAction('brand')
#1 D:\Wamp\www\sprintasia\yii\framework\web\CWebApplication.php(282): CController->run('brand')
#2 D:\Wamp\www\sprintasia\yii\framework\web\CWebApplication.php(141): CWebApplication->runController('api/mobil/brand...')
#3 D:\Wamp\www\sprintasia\yii\framework\base\CApplication.php(184): CWebApplication->processRequest()
#4 D:\Wamp\www\sprintasia\index.php(13): CApplication->run()
#5 {main}
REQUEST_URI=/sprintasia/api/mobil/brand/a/type/b
---
2019/05/24 19:52:47 [error] [exception.CHttpException.404] CHttpException: The system is unable to find the requested action "brand". in D:\Wamp\www\sprintasia\yii\framework\web\CController.php:483
Stack trace:
#0 D:\Wamp\www\sprintasia\yii\framework\web\CController.php(270): CController->missingAction('brand')
#1 D:\Wamp\www\sprintasia\yii\framework\web\CWebApplication.php(282): CController->run('brand')
#2 D:\Wamp\www\sprintasia\yii\framework\web\CWebApplication.php(141): CWebApplication->runController('api/mobil/brand...')
#3 D:\Wamp\www\sprintasia\yii\framework\base\CApplication.php(184): CWebApplication->processRequest()
#4 D:\Wamp\www\sprintasia\index.php(13): CApplication->run()
#5 {main}
REQUEST_URI=/sprintasia/api/mobil/brand/a/type/b
---
2019/05/24 19:52:56 [error] [exception.CHttpException.404] CHttpException: The system is unable to find the requested action "a". in D:\Wamp\www\sprintasia\yii\framework\web\CController.php:483
Stack trace:
#0 D:\Wamp\www\sprintasia\yii\framework\web\CController.php(270): CController->missingAction('a')
#1 D:\Wamp\www\sprintasia\yii\framework\web\CWebApplication.php(282): CController->run('a')
#2 D:\Wamp\www\sprintasia\yii\framework\web\CWebApplication.php(141): CWebApplication->runController('api/mobil/a/b')
#3 D:\Wamp\www\sprintasia\yii\framework\base\CApplication.php(184): CWebApplication->processRequest()
#4 D:\Wamp\www\sprintasia\index.php(13): CApplication->run()
#5 {main}
REQUEST_URI=/sprintasia/api/mobil/a/b
---
2019/05/24 19:53:11 [error] [exception.CHttpException.404] CHttpException: The system is unable to find the requested action "a". in D:\Wamp\www\sprintasia\yii\framework\web\CController.php:483
Stack trace:
#0 D:\Wamp\www\sprintasia\yii\framework\web\CController.php(270): CController->missingAction('a')
#1 D:\Wamp\www\sprintasia\yii\framework\web\CWebApplication.php(282): CController->run('a')
#2 D:\Wamp\www\sprintasia\yii\framework\web\CWebApplication.php(141): CWebApplication->runController('api/mobil/a/b')
#3 D:\Wamp\www\sprintasia\yii\framework\base\CApplication.php(184): CWebApplication->processRequest()
#4 D:\Wamp\www\sprintasia\index.php(13): CApplication->run()
#5 {main}
REQUEST_URI=/sprintasia/api/mobil/a/b
---
2019/05/24 20:04:45 [error] [exception.CHttpException.404] CHttpException: Unable to resolve the request "apis/mobil". in D:\Wamp\www\sprintasia\yii\framework\web\CWebApplication.php:286
Stack trace:
#0 D:\Wamp\www\sprintasia\yii\framework\web\CWebApplication.php(141): CWebApplication->runController('apis/mobil')
#1 D:\Wamp\www\sprintasia\yii\framework\base\CApplication.php(184): CWebApplication->processRequest()
#2 D:\Wamp\www\sprintasia\index.php(13): CApplication->run()
#3 {main}
REQUEST_URI=/sprintasia/apis/mobil
---
2019/05/24 20:04:58 [error] [exception.CHttpException.404] CHttpException: Unable to resolve the request "apis/mobil". in D:\Wamp\www\sprintasia\yii\framework\web\CWebApplication.php:286
Stack trace:
#0 D:\Wamp\www\sprintasia\yii\framework\web\CWebApplication.php(141): CWebApplication->runController('apis/mobil')
#1 D:\Wamp\www\sprintasia\yii\framework\base\CApplication.php(184): CWebApplication->processRequest()
#2 D:\Wamp\www\sprintasia\index.php(13): CApplication->run()
#3 {main}
REQUEST_URI=/sprintasia/apis/mobil
---
2019/05/24 20:05:26 [error] [exception.CHttpException.404] CHttpException: The system is unable to find the requested action "brand". in D:\Wamp\www\sprintasia\yii\framework\web\CController.php:483
Stack trace:
#0 D:\Wamp\www\sprintasia\yii\framework\web\CController.php(270): CController->missingAction('brand')
#1 D:\Wamp\www\sprintasia\yii\framework\web\CWebApplication.php(282): CController->run('brand')
#2 D:\Wamp\www\sprintasia\yii\framework\web\CWebApplication.php(141): CWebApplication->runController('api/mobil/brand...')
#3 D:\Wamp\www\sprintasia\yii\framework\base\CApplication.php(184): CWebApplication->processRequest()
#4 D:\Wamp\www\sprintasia\index.php(13): CApplication->run()
#5 {main}
REQUEST_URI=/sprintasia/api/mobil/brand/a/type/b
---
2019/05/24 20:05:27 [error] [exception.CHttpException.404] CHttpException: The system is unable to find the requested action "brand". in D:\Wamp\www\sprintasia\yii\framework\web\CController.php:483
Stack trace:
#0 D:\Wamp\www\sprintasia\yii\framework\web\CController.php(270): CController->missingAction('brand')
#1 D:\Wamp\www\sprintasia\yii\framework\web\CWebApplication.php(282): CController->run('brand')
#2 D:\Wamp\www\sprintasia\yii\framework\web\CWebApplication.php(141): CWebApplication->runController('api/mobil/brand...')
#3 D:\Wamp\www\sprintasia\yii\framework\base\CApplication.php(184): CWebApplication->processRequest()
#4 D:\Wamp\www\sprintasia\index.php(13): CApplication->run()
#5 {main}
REQUEST_URI=/sprintasia/api/mobil/brand/a/type/b
---
2019/05/24 20:28:49 [error] [exception.CException] CException: Property "CDbCriteria.where" is not defined. in D:\Wamp\www\sprintasia\yii\framework\base\CComponent.php:173
Stack trace:
#0 D:\Wamp\www\sprintasia\protected\controllers\ApiController.php(18): CComponent->__set('where', 'lower(b.code)='...')
#1 [internal function]: ApiController->actionMobil('toyota', 'avanza')
#2 D:\Wamp\www\sprintasia\yii\framework\web\actions\CAction.php(109): ReflectionMethod->invokeArgs(Object(ApiController), Array)
#3 D:\Wamp\www\sprintasia\yii\framework\web\actions\CInlineAction.php(47): CAction->runWithParamsInternal(Object(ApiController), Object(ReflectionMethod), Array)
#4 D:\Wamp\www\sprintasia\yii\framework\web\CController.php(308): CInlineAction->runWithParams(Array)
#5 D:\Wamp\www\sprintasia\yii\framework\web\CController.php(286): CController->runAction(Object(CInlineAction))
#6 D:\Wamp\www\sprintasia\yii\framework\web\CController.php(265): CController->runActionWithFilters(Object(CInlineAction), Array)
#7 D:\Wamp\www\sprintasia\yii\framework\web\CWebApplication.php(282): CController->run('mobil')
#8 D:\Wamp\www\sprintasia\yii\framework\web\CWebApplication.php(141): CWebApplication->runController('api/mobil')
#9 D:\Wamp\www\sprintasia\yii\framework\base\CApplication.php(184): CWebApplication->processRequest()
#10 D:\Wamp\www\sprintasia\index.php(13): CApplication->run()
#11 {main}
REQUEST_URI=/sprintasia/api/mobil/toyota/avanza
---
2019/05/24 20:29:33 [error] [system.db.CDbCommand] CDbCommand::fetchAll() failed: SQLSTATE[42S22]: Column not found: 1054 Unknown column 'avanza' in 'where clause'. The SQL statement executed was: SELECT t.chassis_number, t.police_number, t.year, bt.name as type, b.name as brand FROM `m_chassis` `t` join m_brand_type bt on t.type = bt.id join m_brand b on bt.brand = b.code WHERE lower(b.code)='toyota' and lower(bt.name)=avanza.
in D:\Wamp\www\sprintasia\protected\controllers\ApiController.php (24)
in D:\Wamp\www\sprintasia\index.php (13)
2019/05/24 20:29:33 [error] [exception.CDbException] CDbException: CDbCommand failed to execute the SQL statement: SQLSTATE[42S22]: Column not found: 1054 Unknown column 'avanza' in 'where clause'. The SQL statement executed was: SELECT t.chassis_number, t.police_number, t.year, bt.name as type, b.name as brand FROM `m_chassis` `t` join m_brand_type bt on t.type = bt.id join m_brand b on bt.brand = b.code WHERE lower(b.code)='toyota' and lower(bt.name)=avanza in D:\Wamp\www\sprintasia\yii\framework\db\CDbCommand.php:543
Stack trace:
#0 D:\Wamp\www\sprintasia\yii\framework\db\CDbCommand.php(396): CDbCommand->queryInternal('fetchAll', Array, Array)
#1 D:\Wamp\www\sprintasia\yii\framework\db\ar\CActiveRecord.php(1356): CDbCommand->queryAll()
#2 D:\Wamp\www\sprintasia\yii\framework\db\ar\CActiveRecord.php(1475): CActiveRecord->query(Object(CDbCriteria), true)
#3 D:\Wamp\www\sprintasia\protected\controllers\ApiController.php(24): CActiveRecord->findAll(Object(CDbCriteria))
#4 [internal function]: ApiController->actionMobil('toyota', 'avanza')
#5 D:\Wamp\www\sprintasia\yii\framework\web\actions\CAction.php(109): ReflectionMethod->invokeArgs(Object(ApiController), Array)
#6 D:\Wamp\www\sprintasia\yii\framework\web\actions\CInlineAction.php(47): CAction->runWithParamsInternal(Object(ApiController), Object(ReflectionMethod), Array)
#7 D:\Wamp\www\sprintasia\yii\framework\web\CController.php(308): CInlineAction->runWithParams(Array)
#8 D:\Wamp\www\sprintasia\yii\framework\web\CController.php(286): CController->runAction(Object(CInlineAction))
#9 D:\Wamp\www\sprintasia\yii\framework\web\CController.php(265): CController->runActionWithFilters(Object(CInlineAction), Array)
#10 D:\Wamp\www\sprintasia\yii\framework\web\CWebApplication.php(282): CController->run('mobil')
#11 D:\Wamp\www\sprintasia\yii\framework\web\CWebApplication.php(141): CWebApplication->runController('api/mobil')
#12 D:\Wamp\www\sprintasia\yii\framework\base\CApplication.php(184): CWebApplication->processRequest()
#13 D:\Wamp\www\sprintasia\index.php(13): CApplication->run()
#14 {main}
REQUEST_URI=/sprintasia/api/mobil/toyota/avanza
---
2019/05/24 20:40:37 [error] [system.db.CDbCommand] CDbCommand::fetchAll() failed: SQLSTATE[42S22]: Column not found: 1054 Unknown column 't.code' in 'on clause'. The SQL statement executed was: SELECT t.id, b.name as merk, t.name as tipe FROM `m_brand_type` `t` join m_brand b on t.code = b.brand.
in D:\Wamp\www\sprintasia\protected\controllers\ApiController.php (58)
in D:\Wamp\www\sprintasia\index.php (13)
2019/05/24 20:40:37 [error] [exception.CDbException] CDbException: CDbCommand failed to execute the SQL statement: SQLSTATE[42S22]: Column not found: 1054 Unknown column 't.code' in 'on clause'. The SQL statement executed was: SELECT t.id, b.name as merk, t.name as tipe FROM `m_brand_type` `t` join m_brand b on t.code = b.brand in D:\Wamp\www\sprintasia\yii\framework\db\CDbCommand.php:543
Stack trace:
#0 D:\Wamp\www\sprintasia\yii\framework\db\CDbCommand.php(396): CDbCommand->queryInternal('fetchAll', Array, Array)
#1 D:\Wamp\www\sprintasia\yii\framework\db\ar\CActiveRecord.php(1356): CDbCommand->queryAll()
#2 D:\Wamp\www\sprintasia\yii\framework\db\ar\CActiveRecord.php(1475): CActiveRecord->query(Object(CDbCriteria), true)
#3 D:\Wamp\www\sprintasia\protected\controllers\ApiController.php(58): CActiveRecord->findAll(Object(CDbCriteria))
#4 D:\Wamp\www\sprintasia\yii\framework\web\actions\CInlineAction.php(49): ApiController->actionTipe()
#5 D:\Wamp\www\sprintasia\yii\framework\web\CController.php(308): CInlineAction->runWithParams(Array)
#6 D:\Wamp\www\sprintasia\yii\framework\web\CController.php(286): CController->runAction(Object(CInlineAction))
#7 D:\Wamp\www\sprintasia\yii\framework\web\CController.php(265): CController->runActionWithFilters(Object(CInlineAction), Array)
#8 D:\Wamp\www\sprintasia\yii\framework\web\CWebApplication.php(282): CController->run('tipe')
#9 D:\Wamp\www\sprintasia\yii\framework\web\CWebApplication.php(141): CWebApplication->runController('api/tipe')
#10 D:\Wamp\www\sprintasia\yii\framework\base\CApplication.php(184): CWebApplication->processRequest()
#11 D:\Wamp\www\sprintasia\index.php(13): CApplication->run()
#12 {main}
REQUEST_URI=/sprintasia/api/tipe
---
2019/05/24 20:42:06 [error] [exception.CException] CException: Property "MBrandType.merk" is not defined. in D:\Wamp\www\sprintasia\yii\framework\base\CComponent.php:130
Stack trace:
#0 D:\Wamp\www\sprintasia\yii\framework\db\ar\CActiveRecord.php(145): CComponent->__get('merk')
#1 D:\Wamp\www\sprintasia\protected\controllers\ApiController.php(64): CActiveRecord->__get('merk')
#2 D:\Wamp\www\sprintasia\yii\framework\web\actions\CInlineAction.php(49): ApiController->actionTipe()
#3 D:\Wamp\www\sprintasia\yii\framework\web\CController.php(308): CInlineAction->runWithParams(Array)
#4 D:\Wamp\www\sprintasia\yii\framework\web\CController.php(286): CController->runAction(Object(CInlineAction))
#5 D:\Wamp\www\sprintasia\yii\framework\web\CController.php(265): CController->runActionWithFilters(Object(CInlineAction), Array)
#6 D:\Wamp\www\sprintasia\yii\framework\web\CWebApplication.php(282): CController->run('tipe')
#7 D:\Wamp\www\sprintasia\yii\framework\web\CWebApplication.php(141): CWebApplication->runController('api/tipe')
#8 D:\Wamp\www\sprintasia\yii\framework\base\CApplication.php(184): CWebApplication->processRequest()
#9 D:\Wamp\www\sprintasia\index.php(13): CApplication->run()
#10 {main}
REQUEST_URI=/sprintasia/api/tipe
---
2019/05/24 20:42:52 [error] [exception.CException] CException: Property "MBrandType.merk" is not defined. in D:\Wamp\www\sprintasia\yii\framework\base\CComponent.php:130
Stack trace:
#0 D:\Wamp\www\sprintasia\yii\framework\db\ar\CActiveRecord.php(145): CComponent->__get('merk')
#1 D:\Wamp\www\sprintasia\protected\controllers\ApiController.php(64): CActiveRecord->__get('merk')
#2 D:\Wamp\www\sprintasia\yii\framework\web\actions\CInlineAction.php(49): ApiController->actionTipe()
#3 D:\Wamp\www\sprintasia\yii\framework\web\CController.php(308): CInlineAction->runWithParams(Array)
#4 D:\Wamp\www\sprintasia\yii\framework\web\CController.php(286): CController->runAction(Object(CInlineAction))
#5 D:\Wamp\www\sprintasia\yii\framework\web\CController.php(265): CController->runActionWithFilters(Object(CInlineAction), Array)
#6 D:\Wamp\www\sprintasia\yii\framework\web\CWebApplication.php(282): CController->run('tipe')
#7 D:\Wamp\www\sprintasia\yii\framework\web\CWebApplication.php(141): CWebApplication->runController('api/tipe')
#8 D:\Wamp\www\sprintasia\yii\framework\base\CApplication.php(184): CWebApplication->processRequest()
#9 D:\Wamp\www\sprintasia\index.php(13): CApplication->run()
#10 {main}
REQUEST_URI=/sprintasia/api/tipe
---
2019/05/24 20:43:23 [error] [exception.CException] CException: Property "MBrandType.tipe" is not defined. in D:\Wamp\www\sprintasia\yii\framework\base\CComponent.php:130
Stack trace:
#0 D:\Wamp\www\sprintasia\yii\framework\db\ar\CActiveRecord.php(145): CComponent->__get('tipe')
#1 D:\Wamp\www\sprintasia\protected\controllers\ApiController.php(65): CActiveRecord->__get('tipe')
#2 D:\Wamp\www\sprintasia\yii\framework\web\actions\CInlineAction.php(49): ApiController->actionTipe()
#3 D:\Wamp\www\sprintasia\yii\framework\web\CController.php(308): CInlineAction->runWithParams(Array)
#4 D:\Wamp\www\sprintasia\yii\framework\web\CController.php(286): CController->runAction(Object(CInlineAction))
#5 D:\Wamp\www\sprintasia\yii\framework\web\CController.php(265): CController->runActionWithFilters(Object(CInlineAction), Array)
#6 D:\Wamp\www\sprintasia\yii\framework\web\CWebApplication.php(282): CController->run('tipe')
#7 D:\Wamp\www\sprintasia\yii\framework\web\CWebApplication.php(141): CWebApplication->runController('api/tipe')
#8 D:\Wamp\www\sprintasia\yii\framework\base\CApplication.php(184): CWebApplication->processRequest()
#9 D:\Wamp\www\sprintasia\index.php(13): CApplication->run()
#10 {main}
REQUEST_URI=/sprintasia/api/tipe
---
2019/05/24 20:46:36 [error] [exception.CException] CException: Property "MBrandType.tipe" is not defined. in D:\Wamp\www\sprintasia\yii\framework\base\CComponent.php:130
Stack trace:
#0 D:\Wamp\www\sprintasia\yii\framework\db\ar\CActiveRecord.php(145): CComponent->__get('tipe')
#1 D:\Wamp\www\sprintasia\protected\controllers\ApiController.php(65): CActiveRecord->__get('tipe')
#2 D:\Wamp\www\sprintasia\yii\framework\web\actions\CInlineAction.php(49): ApiController->actionTipe()
#3 D:\Wamp\www\sprintasia\yii\framework\web\CController.php(308): CInlineAction->runWithParams(Array)
#4 D:\Wamp\www\sprintasia\yii\framework\web\CController.php(286): CController->runAction(Object(CInlineAction))
#5 D:\Wamp\www\sprintasia\yii\framework\web\CController.php(265): CController->runActionWithFilters(Object(CInlineAction), Array)
#6 D:\Wamp\www\sprintasia\yii\framework\web\CWebApplication.php(282): CController->run('tipe')
#7 D:\Wamp\www\sprintasia\yii\framework\web\CWebApplication.php(141): CWebApplication->runController('api/tipe')
#8 D:\Wamp\www\sprintasia\yii\framework\base\CApplication.php(184): CWebApplication->processRequest()
#9 D:\Wamp\www\sprintasia\index.php(13): CApplication->run()
#10 {main}
REQUEST_URI=/sprintasia/api/tipe
---
2019/05/24 20:48:32 [error] [exception.ParseError] ParseError: syntax error, unexpected ''merk'' (T_CONSTANT_ENCAPSED_STRING), expecting ']' in D:\Wamp\www\sprintasia\protected\controllers\ApiController.php:65
Stack trace:
#0 D:\Wamp\www\sprintasia\yii\framework\web\CWebApplication.php(276): CWebApplication->createController('tipe/')
#1 D:\Wamp\www\sprintasia\yii\framework\web\CWebApplication.php(141): CWebApplication->runController('api/tipe')
#2 D:\Wamp\www\sprintasia\yii\framework\base\CApplication.php(184): CWebApplication->processRequest()
#3 D:\Wamp\www\sprintasia\index.php(13): CApplication->run()
#4 {main}
REQUEST_URI=/sprintasia/api/tipe
---
2019/05/24 20:56:15 [error] [exception.CHttpException.404] CHttpException: The system is unable to find the requested action "index". in D:\Wamp\www\sprintasia\yii\framework\web\CController.php:483
Stack trace:
#0 D:\Wamp\www\sprintasia\yii\framework\web\CController.php(270): CController->missingAction('')
#1 D:\Wamp\www\sprintasia\yii\framework\web\CWebApplication.php(282): CController->run('')
#2 D:\Wamp\www\sprintasia\yii\framework\web\CWebApplication.php(141): CWebApplication->runController('api/mobil')
#3 D:\Wamp\www\sprintasia\yii\framework\base\CApplication.php(184): CWebApplication->processRequest()
#4 D:\Wamp\www\sprintasia\index.php(13): CApplication->run()
#5 {main}
REQUEST_URI=/sprintasia/api/mobil
---
2019/05/24 20:56:21 [error] [exception.CHttpException.404] CHttpException: The system is unable to find the requested action "index". in D:\Wamp\www\sprintasia\yii\framework\web\CController.php:483
Stack trace:
#0 D:\Wamp\www\sprintasia\yii\framework\web\CController.php(270): CController->missingAction('index')
#1 D:\Wamp\www\sprintasia\yii\framework\web\CWebApplication.php(282): CController->run('index')
#2 D:\Wamp\www\sprintasia\yii\framework\web\CWebApplication.php(141): CWebApplication->runController('api/mobil/index')
#3 D:\Wamp\www\sprintasia\yii\framework\base\CApplication.php(184): CWebApplication->processRequest()
#4 D:\Wamp\www\sprintasia\index.php(13): CApplication->run()
#5 {main}
REQUEST_URI=/sprintasia/api/mobil/index
---
2019/05/24 20:57:03 [error] [exception.CHttpException.404] CHttpException: The system is unable to find the requested action "index". in D:\Wamp\www\sprintasia\yii\framework\web\CController.php:483
Stack trace:
#0 D:\Wamp\www\sprintasia\yii\framework\web\CController.php(270): CController->missingAction('')
#1 D:\Wamp\www\sprintasia\yii\framework\web\CWebApplication.php(282): CController->run('')
#2 D:\Wamp\www\sprintasia\yii\framework\web\CWebApplication.php(141): CWebApplication->runController('api/mobil')
#3 D:\Wamp\www\sprintasia\yii\framework\base\CApplication.php(184): CWebApplication->processRequest()
#4 D:\Wamp\www\sprintasia\index.php(13): CApplication->run()
#5 {main}
REQUEST_URI=/sprintasia/api/mobil
---
2019/05/24 21:01:34 [error] [exception.CException] CException: Property "MChassis.tipe" is not defined. in D:\Wamp\www\sprintasia\yii\framework\base\CComponent.php:173
Stack trace:
#0 D:\Wamp\www\sprintasia\yii\framework\db\ar\CActiveRecord.php(161): CComponent->__set('tipe', '1')
#1 D:\Wamp\www\sprintasia\protected\modules\api\controllers\MobilController.php(48): CActiveRecord->__set('tipe', '1')
#2 D:\Wamp\www\sprintasia\yii\framework\web\actions\CInlineAction.php(49): MobilController->actionCreate()
#3 D:\Wamp\www\sprintasia\yii\framework\web\CController.php(308): CInlineAction->runWithParams(Array)
#4 D:\Wamp\www\sprintasia\yii\framework\web\CController.php(286): CController->runAction(Object(CInlineAction))
#5 D:\Wamp\www\sprintasia\yii\framework\web\CController.php(265): CController->runActionWithFilters(Object(CInlineAction), Array)
#6 D:\Wamp\www\sprintasia\yii\framework\web\CWebApplication.php(282): CController->run('create')
#7 D:\Wamp\www\sprintasia\yii\framework\web\CWebApplication.php(141): CWebApplication->runController('api/mobil/creat...')
#8 D:\Wamp\www\sprintasia\yii\framework\base\CApplication.php(184): CWebApplication->processRequest()
#9 D:\Wamp\www\sprintasia\index.php(13): CApplication->run()
#10 {main}
REQUEST_URI=/sprintasia/api/mobil/create
---
2019/05/24 21:02:23 [error] [php] Undefined index: nomor_kerangka (D:\Wamp\www\sprintasia\protected\modules\api\controllers\MobilController.php:40)
Stack trace:
#0 D:\Wamp\www\sprintasia\yii\framework\web\CController.php(286): MobilController->runAction()
#1 D:\Wamp\www\sprintasia\yii\framework\web\CController.php(265): MobilController->runActionWithFilters()
#2 D:\Wamp\www\sprintasia\yii\framework\web\CWebApplication.php(282): MobilController->run()
#3 D:\Wamp\www\sprintasia\yii\framework\web\CWebApplication.php(141): CWebApplication->runController()
#4 D:\Wamp\www\sprintasia\yii\framework\base\CApplication.php(184): CWebApplication->processRequest()
#5 D:\Wamp\www\sprintasia\index.php(13): CWebApplication->run()
REQUEST_URI=/sprintasia/api/mobil/create
in D:\Wamp\www\sprintasia\protected\modules\api\controllers\MobilController.php (40)
in D:\Wamp\www\sprintasia\index.php (13)
2019/05/24 21:06:45 [error] [php] Undefined index: id (D:\Wamp\www\sprintasia\protected\modules\api\controllers\MobilController.php:64)
Stack trace:
#0 D:\Wamp\www\sprintasia\yii\framework\web\CController.php(286): MobilController->runAction()
#1 D:\Wamp\www\sprintasia\yii\framework\web\CController.php(265): MobilController->runActionWithFilters()
#2 D:\Wamp\www\sprintasia\yii\framework\web\CWebApplication.php(282): MobilController->run()
#3 D:\Wamp\www\sprintasia\yii\framework\web\CWebApplication.php(141): CWebApplication->runController()
#4 D:\Wamp\www\sprintasia\yii\framework\base\CApplication.php(184): CWebApplication->processRequest()
#5 D:\Wamp\www\sprintasia\index.php(13): CWebApplication->run()
REQUEST_URI=/sprintasia/api/mobil/update
in D:\Wamp\www\sprintasia\protected\modules\api\controllers\MobilController.php (64)
in D:\Wamp\www\sprintasia\index.php (13)
2019/05/24 21:10:25 [error] [exception.CHttpException.404] CHttpException: The system is unable to find the requested action "<action>". in D:\Wamp\www\sprintasia\yii\framework\web\CController.php:483
Stack trace:
#0 D:\Wamp\www\sprintasia\yii\framework\web\CController.php(270): CController->missingAction('<action>')
#1 D:\Wamp\www\sprintasia\yii\framework\web\CWebApplication.php(282): CController->run('<action>')
#2 D:\Wamp\www\sprintasia\yii\framework\web\CWebApplication.php(141): CWebApplication->runController('api/mobil/<acti...')
#3 D:\Wamp\www\sprintasia\yii\framework\base\CApplication.php(184): CWebApplication->processRequest()
#4 D:\Wamp\www\sprintasia\index.php(13): CApplication->run()
#5 {main}
REQUEST_URI=/sprintasia/api/mobil/delete/123456123100
---
2019/05/24 21:10:54 [error] [exception.CHttpException.404] CHttpException: The system is unable to find the requested action "<action>". in D:\Wamp\www\sprintasia\yii\framework\web\CController.php:483
Stack trace:
#0 D:\Wamp\www\sprintasia\yii\framework\web\CController.php(270): CController->missingAction('<action>')
#1 D:\Wamp\www\sprintasia\yii\framework\web\CWebApplication.php(282): CController->run('<action>')
#2 D:\Wamp\www\sprintasia\yii\framework\web\CWebApplication.php(141): CWebApplication->runController('api/mobil/<acti...')
#3 D:\Wamp\www\sprintasia\yii\framework\base\CApplication.php(184): CWebApplication->processRequest()
#4 D:\Wamp\www\sprintasia\index.php(13): CApplication->run()
#5 {main}
REQUEST_URI=/sprintasia/api/mobil/delete/123456123100
---
